10-Nov-2024 21:20:18.015 INFO [main] org.apache.catalina.startup.VersionLoggerListener.log Server version name:   Apache Tomcat/9.0.96
10-Nov-2024 21:20:18.025 INFO [main] org.apache.catalina.startup.VersionLoggerListener.log Server built:          Oct 3 2024 19:44:30 UTC
10-Nov-2024 21:20:18.025 INFO [main] org.apache.catalina.startup.VersionLoggerListener.log Server version number: 9.0.96.0
10-Nov-2024 21:20:18.025 INFO [main] org.apache.catalina.startup.VersionLoggerListener.log OS Name:               Windows 11
10-Nov-2024 21:20:18.025 INFO [main] org.apache.catalina.startup.VersionLoggerListener.log OS Version:            10.0
10-Nov-2024 21:20:18.025 INFO [main] org.apache.catalina.startup.VersionLoggerListener.log Architecture:          amd64
10-Nov-2024 21:20:18.025 INFO [main] org.apache.catalina.startup.VersionLoggerListener.log Java Home:             C:\Program Files\Java\jdk-11
10-Nov-2024 21:20:18.025 INFO [main] org.apache.catalina.startup.VersionLoggerListener.log JVM Version:           11.0.24+7-LTS-271
10-Nov-2024 21:20:18.025 INFO [main] org.apache.catalina.startup.VersionLoggerListener.log JVM Vendor:            Oracle Corporation
10-Nov-2024 21:20:18.025 INFO [main] org.apache.catalina.startup.VersionLoggerListener.log CATALINA_BASE:         D:\jPackages\friendlist-apache-tomcat-9.0.96
10-Nov-2024 21:20:18.027 INFO [main] org.apache.catalina.startup.VersionLoggerListener.log CATALINA_HOME:         D:\jPackages\friendlist-apache-tomcat-9.0.96
10-Nov-2024 21:20:18.046 INFO [main] org.apache.catalina.startup.VersionLoggerListener.log Command line argument: --add-opens=java.base/java.lang=ALL-UNNAMED
10-Nov-2024 21:20:18.046 INFO [main] org.apache.catalina.startup.VersionLoggerListener.log Command line argument: --add-opens=java.base/java.io=ALL-UNNAMED
10-Nov-2024 21:20:18.046 INFO [main] org.apache.catalina.startup.VersionLoggerListener.log Command line argument: --add-opens=java.base/java.util=ALL-UNNAMED
10-Nov-2024 21:20:18.046 INFO [main] org.apache.catalina.startup.VersionLoggerListener.log Command line argument: --add-opens=java.base/java.util.concurrent=ALL-UNNAMED
10-Nov-2024 21:20:18.047 INFO [main] org.apache.catalina.startup.VersionLoggerListener.log Command line argument: --add-opens=java.rmi/sun.rmi.transport=ALL-UNNAMED
10-Nov-2024 21:20:18.047 INFO [main] org.apache.catalina.startup.VersionLoggerListener.log Command line argument: -Djava.util.logging.config.file=D:\jPackages\friendlist-apache-tomcat-9.0.96\conf\logging.properties
10-Nov-2024 21:20:18.047 INFO [main] org.apache.catalina.startup.VersionLoggerListener.log Command line argument: -Djava.util.logging.manager=org.apache.juli.ClassLoaderLogManager
10-Nov-2024 21:20:18.047 INFO [main] org.apache.catalina.startup.VersionLoggerListener.log Command line argument: -Djdk.tls.ephemeralDHKeySize=2048
10-Nov-2024 21:20:18.047 INFO [main] org.apache.catalina.startup.VersionLoggerListener.log Command line argument: -Djava.protocol.handler.pkgs=org.apache.catalina.webresources
10-Nov-2024 21:20:18.047 INFO [main] org.apache.catalina.startup.VersionLoggerListener.log Command line argument: -Dignore.endorsed.dirs=
10-Nov-2024 21:20:18.047 INFO [main] org.apache.catalina.startup.VersionLoggerListener.log Command line argument: -Dcatalina.base=D:\jPackages\friendlist-apache-tomcat-9.0.96
10-Nov-2024 21:20:18.048 INFO [main] org.apache.catalina.startup.VersionLoggerListener.log Command line argument: -Dcatalina.home=D:\jPackages\friendlist-apache-tomcat-9.0.96
10-Nov-2024 21:20:18.048 INFO [main] org.apache.catalina.startup.VersionLoggerListener.log Command line argument: -Djava.io.tmpdir=D:\jPackages\friendlist-apache-tomcat-9.0.96\temp
10-Nov-2024 21:20:18.054 INFO [main] org.apache.catalina.core.AprLifecycleListener.lifecycleEvent The Apache Tomcat Native library which allows using OpenSSL was not found on the java.library.path: [C:\Program Files\Java\jdk-11\bin;C:\WINDOWS\Sun\Java\bin;C:\WINDOWS\system32;C:\WINDOWS;C:\Program Files\Common Files\Oracle\Java\javapath;C:\Program Files\Python39\Scripts\;C:\Program Files\Python39\;C:\WINDOWS\system32;C:\WINDOWS;C:\WINDOWS\System32\Wbem;C:\WINDOWS\System32\WindowsPowerShell\v1.0\;C:\WINDOWS\System32\OpenSSH\;C:\Program Files\dotnet\;C:\Program Files (x86)\Windows Kits\10\Windows Performance Toolkit\;C:\Program Files\Git\cmd;C:\Program Files\Azure Data Studio\bin;C:\Program Files\Microsoft SQL Server\150\Tools\Binn\;C:\Program Files\Microsoft SQL Server\Client SDK\ODBC\170\Tools\Binn\;C:\Program Files\Cloudflare\Cloudflare WARP\;C:\Program Files\Java\jdk-22\bin;C:\Program Files\TortoiseGit\bin;C:\Program Files (x86)\Microsoft SQL Server\160\Tools\Binn\;C:\Program Files\Microsoft SQL Server\160\Tools\Binn\;C:\Program Files\Microsoft SQL Server\160\DTS\Binn\;C:\Program Files (x86)\Microsoft SQL Server\150\Tools\Binn\;C:\Program Files\Microsoft SQL Server\150\DTS\Binn\;D:\jPackages\apache-maven-3.6.3\bin;C:\Program Files (x86)\Microsoft SQL Server\160\DTS\Binn\;C:\Program Files\MySQL\MySQL Server 8.0\bin;D:\anaconda3;D:\anaconda3\Library\mingw-w64\bin;D:\anaconda3\Library\usr\bin;D:\anaconda3\Library\bin;D:\anaconda3\Scripts;C:\Python312\Scripts\;C:\Python312\;C:\Users\Chi Lua\AppData\Local\Programs\Python\Python311\Scripts\;C:\Users\Chi Lua\AppData\Local\Programs\Python\Python311\;C:\Users\Chi Lua\AppData\Local\Microsoft\WindowsApps;C:\Users\Chi Lua\.dotnet\tools;C:\Program Files\Java\jdk-21\bin;C:\Program Files\Azure Data Studio\bin;D:\PyCharm\PyCharm Community Edition 2023.3.2\bin;;C:\Users\Chi Lua\AppData\Local\Programs\Microsoft VS Code\bin;D:\jPackages\apache-maven-3.6.3\bin;;.]
10-Nov-2024 21:20:18.305 INFO [main] org.apache.coyote.AbstractProtocol.init Initializing ProtocolHandler ["http-nio-8080"]
10-Nov-2024 21:20:18.337 INFO [main] org.apache.catalina.startup.Catalina.load Server initialization in [502] milliseconds
10-Nov-2024 21:20:18.369 INFO [main] org.apache.catalina.core.StandardService.startInternal Starting service [Catalina]
10-Nov-2024 21:20:18.369 INFO [main] org.apache.catalina.core.StandardEngine.startInternal Starting Servlet engine: [Apache Tomcat/9.0.96]
10-Nov-2024 21:20:18.387 INFO [main] org.apache.catalina.startup.HostConfig.deployWAR Deploying web application archive [D:\jPackages\friendlist-apache-tomcat-9.0.96\webapps\FriendList.war]
10-Nov-2024 21:20:18.789 INFO [main] org.apache.jasper.servlet.TldScanner.scanJars At least one JAR was scanned for TLDs yet contained no TLDs. Enable debug logging for this logger for a complete list of JARs that were scanned but no TLDs were found in them. Skipping unneeded JARs during scanning can improve startup time and JSP compilation time.
10-Nov-2024 21:20:18.977 WARNING [main] org.apache.catalina.util.SessionIdGeneratorBase.createSecureRandom Creation of SecureRandom instance for session ID generation using [SHA1PRNG] took [163] milliseconds.
10-Nov-2024 21:20:18.992 INFO [main] org.apache.catalina.startup.HostConfig.deployWAR Deployment of web application archive [D:\jPackages\friendlist-apache-tomcat-9.0.96\webapps\FriendList.war] has finished in [605] ms
10-Nov-2024 21:20:18.992 INFO [main] org.apache.catalina.startup.HostConfig.deployDirectory Deploying web application directory [D:\jPackages\friendlist-apache-tomcat-9.0.96\webapps\docs]
10-Nov-2024 21:20:19.022 INFO [main] org.apache.catalina.startup.HostConfig.deployDirectory Deployment of web application directory [D:\jPackages\friendlist-apache-tomcat-9.0.96\webapps\docs] has finished in [30] ms
10-Nov-2024 21:20:19.022 INFO [main] org.apache.catalina.startup.HostConfig.deployDirectory Deploying web application directory [D:\jPackages\friendlist-apache-tomcat-9.0.96\webapps\examples]
10-Nov-2024 21:20:19.368 INFO [main] org.apache.catalina.startup.HostConfig.deployDirectory Deployment of web application directory [D:\jPackages\friendlist-apache-tomcat-9.0.96\webapps\examples] has finished in [346] ms
10-Nov-2024 21:20:19.368 INFO [main] org.apache.catalina.startup.HostConfig.deployDirectory Deploying web application directory [D:\jPackages\friendlist-apache-tomcat-9.0.96\webapps\host-manager]
10-Nov-2024 21:20:19.411 INFO [main] org.apache.catalina.startup.HostConfig.deployDirectory Deployment of web application directory [D:\jPackages\friendlist-apache-tomcat-9.0.96\webapps\host-manager] has finished in [43] ms
10-Nov-2024 21:20:19.411 INFO [main] org.apache.catalina.startup.HostConfig.deployDirectory Deploying web application directory [D:\jPackages\friendlist-apache-tomcat-9.0.96\webapps\manager]
10-Nov-2024 21:20:19.435 INFO [main] org.apache.catalina.startup.HostConfig.deployDirectory Deployment of web application directory [D:\jPackages\friendlist-apache-tomcat-9.0.96\webapps\manager] has finished in [24] ms
10-Nov-2024 21:20:19.435 INFO [main] org.apache.catalina.startup.HostConfig.deployDirectory Deploying web application directory [D:\jPackages\friendlist-apache-tomcat-9.0.96\webapps\ROOT]
10-Nov-2024 21:20:19.445 INFO [main] org.apache.catalina.startup.HostConfig.deployDirectory Deployment of web application directory [D:\jPackages\friendlist-apache-tomcat-9.0.96\webapps\ROOT] has finished in [10] ms
10-Nov-2024 21:20:19.455 INFO [main] org.apache.coyote.AbstractProtocol.start Starting ProtocolHandler ["http-nio-8080"]
10-Nov-2024 21:20:19.633 INFO [main] org.apache.catalina.startup.Catalina.start Server startup in [1298] milliseconds
10-Nov-2024 21:22:23.927 SEVERE [main] org.apache.catalina.startup.Catalina.stopServer Could not contact [localhost:8005] (base port [8005] and offset [0]). Tomcat may not be running.
